-------------------------------------------------------------------------------
Test set: TestAirlines.HancrestTest
-------------------------------------------------------------------------------
Tests run: 1, Failures: 1, Errors: 0, Skipped: 0, Time elapsed: 0.153 s <<< FAILURE! - in TestAirlines.HancrestTest
testWithHamcrest  Time elapsed: 0.131 s  <<< FAILURE!
java.lang.AssertionError: 

Expected: null
     but: was <[Michael, Jhon, Edwin]>
	at TestAirlines.HancrestTest.testWithHamcrest(HancrestTest.java:51)

